<?xml version="1.0" encoding="UTF-8"?>
<testng-results ignored="0" total="3" passed="3" failed="0" skipped="0">
  <reporter-output>
  </reporter-output>
  <suite started-at="2022-06-24T17:25:09Z" name="RegressionAutomatedQA" finished-at="2022-06-24T17:25:17Z" duration-ms="7765">
    <groups>
    </groups>
    <test started-at="2022-06-24T17:25:09Z" name="TC_02_IncorrectLogin" finished-at="2022-06-24T17:25:15Z" duration-ms="5541">
      <class name="loginTest.TC_02_IncorrectLogin">
        <test-method is-config="true" signature="startWebDriver()[pri:0, instance:loginTest.TC_02_IncorrectLogin@608cd501]" started-at="2022-06-24T10:25:09Z" name="startWebDriver" finished-at="2022-06-24T10:25:11Z" duration-ms="2217" status="PASS">
          <reporter-output>
          </reporter-output>
        </test-method> <!-- startWebDriver -->
        <test-method signature="TC_02()[pri:0, instance:loginTest.TC_02_IncorrectLogin@608cd501]" started-at="2022-06-24T10:25:11Z" name="TC_02" finished-at="2022-06-24T10:25:13Z" duration-ms="2203" status="PASS">
          <reporter-output>
          </reporter-output>
        </test-method> <!-- TC_02 -->
        <test-method is-config="true" signature="closeDriver()[pri:0, instance:loginTest.TC_02_IncorrectLogin@608cd501]" started-at="2022-06-24T10:25:13Z" name="closeDriver" finished-at="2022-06-24T10:25:15Z" duration-ms="1082" status="PASS">
          <reporter-output>
          </reporter-output>
        </test-method> <!-- closeDriver -->
      </class> <!-- loginTest.TC_02_IncorrectLogin -->
    </test> <!-- TC_02_IncorrectLogin -->
    <test started-at="2022-06-24T17:25:09Z" name="TC_01_CorrectLogin" finished-at="2022-06-24T17:25:15Z" duration-ms="5658">
      <class name="loginTest.TC_01_CorrectLogin">
        <test-method is-config="true" signature="startWebDriver()[pri:0, instance:loginTest.TC_01_CorrectLogin@51d0ec6f]" started-at="2022-06-24T10:25:09Z" name="startWebDriver" finished-at="2022-06-24T10:25:11Z" duration-ms="2412" status="PASS">
          <reporter-output>
          </reporter-output>
        </test-method> <!-- startWebDriver -->
        <test-method signature="TC_01()[pri:0, instance:loginTest.TC_01_CorrectLogin@51d0ec6f]" started-at="2022-06-24T10:25:11Z" name="TC_01" finished-at="2022-06-24T10:25:14Z" duration-ms="2319" status="PASS">
          <reporter-output>
          </reporter-output>
        </test-method> <!-- TC_01 -->
        <test-method is-config="true" signature="closeDriver()[pri:0, instance:loginTest.TC_01_CorrectLogin@51d0ec6f]" started-at="2022-06-24T10:25:14Z" name="closeDriver" finished-at="2022-06-24T10:25:15Z" duration-ms="903" status="PASS">
          <reporter-output>
          </reporter-output>
        </test-method> <!-- closeDriver -->
      </class> <!-- loginTest.TC_01_CorrectLogin -->
    </test> <!-- TC_01_CorrectLogin -->
    <test started-at="2022-06-24T17:25:09Z" name="TC_03_Logout" finished-at="2022-06-24T17:25:17Z" duration-ms="7765">
      <class name="loginTest.TC_03_Logout">
        <test-method is-config="true" signature="startWebDriver()[pri:0, instance:loginTest.TC_03_Logout@2eda2062]" started-at="2022-06-24T10:25:09Z" name="startWebDriver" finished-at="2022-06-24T10:25:11Z" duration-ms="2000" status="PASS">
          <reporter-output>
          </reporter-output>
        </test-method> <!-- startWebDriver -->
        <test-method signature="TC_03()[pri:0, instance:loginTest.TC_03_Logout@2eda2062]" started-at="2022-06-24T10:25:11Z" name="TC_03" finished-at="2022-06-24T10:25:16Z" duration-ms="4968" status="PASS">
          <reporter-output>
          </reporter-output>
        </test-method> <!-- TC_03 -->
        <test-method is-config="true" signature="closeDriver()[pri:0, instance:loginTest.TC_03_Logout@2eda2062]" started-at="2022-06-24T10:25:16Z" name="closeDriver" finished-at="2022-06-24T10:25:17Z" duration-ms="759" status="PASS">
          <reporter-output>
          </reporter-output>
        </test-method> <!-- closeDriver -->
      </class> <!-- loginTest.TC_03_Logout -->
    </test> <!-- TC_03_Logout -->
  </suite> <!-- RegressionAutomatedQA -->
</testng-results>
